Using pre-set license
Built from '2020.2/release' branch; Version is '2020.2.2f1 (068178b99f32) revision 426360'; Using compiler version '192528614'; Build Type 'Release'
OS: 'Windows 10 Pro; OS build 18363.1316; Version 1909; 64bit' Language: 'en' Physical Memory: 8133 MB
BatchMode: 1, IsHumanControllingUs: 0, StartBugReporterOnCrash: 0, Is64bit: 1, IsPro: 0

 COMMAND LINE ARGUMENTS:
E:\UNITY_Projects\2020.2.2f1\Editor\Unity.exe
-adb2
-batchMode
-noUpm
-name
AssetImportWorker0
-projectPath
D:/UNITY/undertale3DRemake
-logFile
Logs/AssetImportWorker0.log
-srvPort
56596
Successfully changed project path to: D:/UNITY/undertale3DRemake
D:/UNITY/undertale3DRemake
Using Asset Import Pipeline V2.
Refreshing native plugins compatible for Editor in 97.71 ms, found 2 plugins.
Preloading 0 native plugins for Editor in 0.00 ms.
Initialize engine version: 2020.2.2f1 (068178b99f32)
[Subsystems] Discovering subsystems at path E:/UNITY_Projects/2020.2.2f1/Editor/Data/Resources/UnitySubsystems
[Subsystems] Discovering subsystems at path D:/UNITY/undertale3DRemake/Assets
GfxDevice: creating device client; threaded=0
Direct3D:
    Version:  Direct3D 11.0 [level 11.1]
    Renderer: NVIDIA GeForce GTX 970 (ID=0x13c2)
    Vendor:   
    VRAM:     4043 MB
    Driver:   27.21.14.6079
Initialize mono
Mono path[0] = 'E:/UNITY_Projects/2020.2.2f1/Editor/Data/Managed'
Mono path[1] = 'E:/UNITY_Projects/2020.2.2f1/Editor/Data/MonoBleedingEdge/lib/mono/unityjit'
Mono config path = 'E:/UNITY_Projects/2020.2.2f1/Editor/Data/MonoBleedingEdge/etc'
Using monoOptions --debugger-agent=transport=dt_socket,embedding=1,server=y,suspend=n,address=127.0.0.1:56588
Begin MonoManager ReloadAssembly
Registering precompiled unity dll's ...
Register platform support module: E:/UNITY_Projects/2020.2.2f1/Editor/Data/PlaybackEngines/WindowsStandaloneSupport/UnityEditor.WindowsStandalone.Extensions.dll
Registered in 0.001091 seconds.
Native extension for WindowsStandalone target not found
Refreshing native plugins compatible for Editor in 117.41 ms, found 2 plugins.
Preloading 0 native plugins for Editor in 0.00 ms.
Invoked RoslynAnalysisRunner static constructor.
RoslynAnalysisRunner will not be running.
RoslynAnalysisRunner has terminated.
Mono: successfully reloaded assembly
- Completed reload, in  2.106 seconds
Platform modules already initialized, skipping
Registering precompiled user dll's ...
Registered in 0.025596 seconds.
Begin MonoManager ReloadAssembly
Native extension for WindowsStandalone target not found
Refreshing native plugins compatible for Editor in 87.14 ms, found 2 plugins.
Preloading 0 native plugins for Editor in 0.00 ms.
Invoked RoslynAnalysisRunner static constructor.
RoslynAnalysisRunner will not be running.
RoslynAnalysisRunner has terminated.
Mono: successfully reloaded assembly
- Completed reload, in  3.160 seconds
Platform modules already initialized, skipping
========================================================================
Worker process is ready to serve import requests
Launched and connected shader compiler UnityShaderCompiler.exe after 0.06 seconds
Refreshing native plugins compatible for Editor in 1.06 ms, found 2 plugins.
Preloading 0 native plugins for Editor in 0.00 ms.
Unloading 3118 Unused Serialized files (Serialized files now loaded: 0)
System memory in use before: 172.3 MB.
System memory in use after: 172.3 MB.

Unloading 256 unused Assets to reduce memory usage. Loaded Objects now: 3624.
Total: 25.803600 ms (FindLiveObjects: 0.356100 ms CreateObjectMapping: 0.197000 ms MarkObjects: 24.693500 ms  DeleteObjects: 0.555000 ms)

========================================================================
Received Import Request.
  path: Assets/ResourcesStatic/GUI/undertale_logo.png
  artifactKey: Guid(7386af398280523479945d4038e439eb) Importer(815301076,1909f56bfc062723c751e8b465ee728b)
Start importing Assets/ResourcesStatic/GUI/undertale_logo.png using Guid(7386af398280523479945d4038e439eb) Importer(815301076,1909f56bfc062723c751e8b465ee728b)  -> (artifact id: 'a35ae14cfe065de80e2e3f5a3af74e61') in 0.292421 seconds
  Import took 0.323379 seconds .

========================================================================
Received Import Request.
  Time since last request: 0.000428 seconds.
  path: Assets/ResourcesStatic/GUI/tile.png
  artifactKey: Guid(c5f01809206151d4aa595c601884081d) Importer(815301076,1909f56bfc062723c751e8b465ee728b)
Start importing Assets/ResourcesStatic/GUI/tile.png using Guid(c5f01809206151d4aa595c601884081d) Importer(815301076,1909f56bfc062723c751e8b465ee728b)  -> (artifact id: '3c4e4f90601d79ec4b11383b7e141de5') in 0.029122 seconds
  Import took 0.080762 seconds .

========================================================================
Received Import Request.
  Time since last request: 162.507135 seconds.
  path: Assets/ResourcesStatic/Images/Anime-Home-Decor-Japan-Poster-Wall-Scroll-Undertale-Sans-And-Papyrus-60-90.jpg
  artifactKey: Guid(bf1472bc4b35aae4eab7e1aa1eb847c7) Importer(815301076,1909f56bfc062723c751e8b465ee728b)
Start importing Assets/ResourcesStatic/Images/Anime-Home-Decor-Japan-Poster-Wall-Scroll-Undertale-Sans-And-Papyrus-60-90.jpg using Guid(bf1472bc4b35aae4eab7e1aa1eb847c7) Importer(815301076,1909f56bfc062723c751e8b465ee728b)  -> (artifact id: 'e75821951073474ed9c5e26c8d47decd') in 0.056412 seconds
  Import took 0.085034 seconds .

========================================================================
Received Import Request.
  Time since last request: 61.964231 seconds.
  path: Assets/ResourcesStatic/Sounds/mus_intronoise.ogg
  artifactKey: Guid(dc623b776a3a7f0469b34fcb98b5fd12) Importer(815301076,1909f56bfc062723c751e8b465ee728b)
Start importing Assets/ResourcesStatic/Sounds/mus_intronoise.ogg using Guid(dc623b776a3a7f0469b34fcb98b5fd12) Importer(815301076,1909f56bfc062723c751e8b465ee728b)  -> (artifact id: 'edc37d675d3d0b0cf8e5241ee2200173') in 0.299391 seconds
  Import took 0.308442 seconds .

========================================================================
Received Import Request.
  Time since last request: 2.996228 seconds.
  path: Assets/ResourcesStatic/Terrain/Terrain-1.mat
  artifactKey: Guid(57feb2355140b034d9cfa888294f19c2) Importer(815301076,1909f56bfc062723c751e8b465ee728b)
Start importing Assets/ResourcesStatic/Terrain/Terrain-1.mat using Guid(57feb2355140b034d9cfa888294f19c2) Importer(815301076,1909f56bfc062723c751e8b465ee728b)  -> (artifact id: 'ce8b0ec8a3822e1a9853af6dd347c038') in 0.295690 seconds
  Import took 0.303213 seconds .

========================================================================
Received Import Request.
  Time since last request: 0.000379 seconds.
  path: Assets/ResourcesStatic/Terrain/Terrain-5.mat
  artifactKey: Guid(5c6645f17b3651b458c76399955c153a) Importer(815301076,1909f56bfc062723c751e8b465ee728b)
Start importing Assets/ResourcesStatic/Terrain/Terrain-5.mat using Guid(5c6645f17b3651b458c76399955c153a) Importer(815301076,1909f56bfc062723c751e8b465ee728b)  -> (artifact id: '5c1cd7577fd8c938392e5f9687263459') in 0.069935 seconds
  Import took 0.139001 seconds .

========================================================================
Received Import Request.
  Time since last request: 0.001099 seconds.
  path: Assets/ResourcesStatic/Terrain/Terrain-3.mat
  artifactKey: Guid(b4ca651da3cba5a4d989a81f3e82d30c) Importer(815301076,1909f56bfc062723c751e8b465ee728b)
Start importing Assets/ResourcesStatic/Terrain/Terrain-3.mat using Guid(b4ca651da3cba5a4d989a81f3e82d30c) Importer(815301076,1909f56bfc062723c751e8b465ee728b)  -> (artifact id: '3d5ed5bafa8e73261c434853cca8d7c4') in 0.105282 seconds
  Import took 0.130403 seconds .

========================================================================
Received Import Request.
  Time since last request: 0.000840 seconds.
  path: Assets/ResourcesStatic/Terrain/Terrain-2.mat
  artifactKey: Guid(4db9ee59dca826141a28adea678d8f64) Importer(815301076,1909f56bfc062723c751e8b465ee728b)
Start importing Assets/ResourcesStatic/Terrain/Terrain-2.mat using Guid(4db9ee59dca826141a28adea678d8f64) Importer(815301076,1909f56bfc062723c751e8b465ee728b)  -> (artifact id: '14e438893b315bebb75ee3c2dee784bd') in 0.127101 seconds
  Import took 0.143894 seconds .

========================================================================
Received Import Request.
  Time since last request: 0.000858 seconds.
  path: Assets/ResourcesStatic/Terrain/terrain_stone1.mat
  artifactKey: Guid(31731431c614645858dc837a71876966) Importer(815301076,1909f56bfc062723c751e8b465ee728b)
Start importing Assets/ResourcesStatic/Terrain/terrain_stone1.mat using Guid(31731431c614645858dc837a71876966) Importer(815301076,1909f56bfc062723c751e8b465ee728b)  -> (artifact id: '99a732c4e535a67be66d96dd8dbc89a6') in 0.280423 seconds
  Import took 0.292247 seconds .

========================================================================
Received Import Request.
  Time since last request: 0.000359 seconds.
  path: Assets/ResourcesStatic/Terrain/Terrain_cave_stones.mat
  artifactKey: Guid(7363d6f5ea92c39489bc580aec6d6c6d) Importer(815301076,1909f56bfc062723c751e8b465ee728b)
Start importing Assets/ResourcesStatic/Terrain/Terrain_cave_stones.mat using Guid(7363d6f5ea92c39489bc580aec6d6c6d) Importer(815301076,1909f56bfc062723c751e8b465ee728b)  -> (artifact id: '0ce08c6ae682ad0561b0804323741323') in 0.053691 seconds
  Import took 0.063418 seconds .

========================================================================
Received Import Request.
  Time since last request: 8.714198 seconds.
  path: Assets/ResourcesStatic/VFX/Materials
  artifactKey: Guid(24d14294781f857408fbb4113264eb2b) Importer(815301076,1909f56bfc062723c751e8b465ee728b)
Start importing Assets/ResourcesStatic/VFX/Materials using Guid(24d14294781f857408fbb4113264eb2b) Importer(815301076,1909f56bfc062723c751e8b465ee728b)  -> (artifact id: 'ab76249cf4aecff410ac5aba25e16f15') in 0.001871 seconds
  Import took 0.010102 seconds .

========================================================================
Received Import Request.
  Time since last request: 0.010159 seconds.
  path: Assets/ResourcesStatic/VFX/Materials
  artifactKey: Guid(24d14294781f857408fbb4113264eb2b) Importer(815301076,1909f56bfc062723c751e8b465ee728b)
Start importing Assets/ResourcesStatic/VFX/Materials using Guid(24d14294781f857408fbb4113264eb2b) Importer(815301076,1909f56bfc062723c751e8b465ee728b)  -> (artifact id: 'ab76249cf4aecff410ac5aba25e16f15') in 0.002149 seconds
  Import took 0.009505 seconds .

========================================================================
Received Import Request.
  Time since last request: 0.022427 seconds.
  path: Assets/ResourcesStatic/VFX/Materials/dandelion01.mat
  artifactKey: Guid(9f7fb09db222ecd43853eef33303b3b2) Importer(815301076,1909f56bfc062723c751e8b465ee728b)
Start importing Assets/ResourcesStatic/VFX/Materials/dandelion01.mat using Guid(9f7fb09db222ecd43853eef33303b3b2) Importer(815301076,1909f56bfc062723c751e8b465ee728b)  -> (artifact id: 'dbd8b02e6c8fb16a50dc97a6993620fc') in 0.103460 seconds
  Import took 0.119136 seconds .

========================================================================
Received Import Request.
  Time since last request: 0.000707 seconds.
  path: Assets/ResourcesStatic/VFX/Materials/Sunshaft.mat
  artifactKey: Guid(9212924acaad02349b92240d47c70da3) Importer(815301076,1909f56bfc062723c751e8b465ee728b)
Start importing Assets/ResourcesStatic/VFX/Materials/Sunshaft.mat using Guid(9212924acaad02349b92240d47c70da3) Importer(815301076,1909f56bfc062723c751e8b465ee728b)  -> (artifact id: '1bc724e0a308c1ee9bb534a7ebd0541b') in 0.266749 seconds
  Import took 0.277893 seconds .

========================================================================
Received Import Request.
  Time since last request: 0.000414 seconds.
  path: Assets/ResourcesStatic/VFX/Materials/M_Point 2.mat
  artifactKey: Guid(d2ba3d8303bcf4240933a1481294b80b) Importer(815301076,1909f56bfc062723c751e8b465ee728b)
Start importing Assets/ResourcesStatic/VFX/Materials/M_Point 2.mat using Guid(d2ba3d8303bcf4240933a1481294b80b) Importer(815301076,1909f56bfc062723c751e8b465ee728b)  -> (artifact id: 'cb902cba4a2c220b577de78705e0a88f') in 0.089721 seconds
  Import took 0.097982 seconds .

========================================================================
Received Import Request.
  Time since last request: 0.000341 seconds.
  path: Assets/ResourcesStatic/VFX/Materials/leaf03.mat
  artifactKey: Guid(6292fbc208a1f6c4e831571ed08b0aca) Importer(815301076,1909f56bfc062723c751e8b465ee728b)
Start importing Assets/ResourcesStatic/VFX/Materials/leaf03.mat using Guid(6292fbc208a1f6c4e831571ed08b0aca) Importer(815301076,1909f56bfc062723c751e8b465ee728b)  -> (artifact id: 'ab1f4a29075995e089b7a8239e682cf6') in 0.065278 seconds
  Import took 0.071701 seconds .

========================================================================
Received Import Request.
  Time since last request: 0.000360 seconds.
  path: Assets/ResourcesStatic/VFX/Materials/M_SunRays.mat
  artifactKey: Guid(648fea3a40dbaa84fa832beeb0395d55) Importer(815301076,1909f56bfc062723c751e8b465ee728b)
Start importing Assets/ResourcesStatic/VFX/Materials/M_SunRays.mat using Guid(648fea3a40dbaa84fa832beeb0395d55) Importer(815301076,1909f56bfc062723c751e8b465ee728b)  -> (artifact id: 'c11a2ba3341fb22dd381f1aa7a10d8a9') in 0.088636 seconds
  Import took 0.099863 seconds .

========================================================================
Received Import Request.
  Time since last request: 0.000725 seconds.
  path: Assets/ResourcesStatic/VFX/Materials/wisp_body.mat
  artifactKey: Guid(ab76dc35c8baafc4a9f0e7ef8d0ad4f2) Importer(815301076,1909f56bfc062723c751e8b465ee728b)
Start importing Assets/ResourcesStatic/VFX/Materials/wisp_body.mat using Guid(ab76dc35c8baafc4a9f0e7ef8d0ad4f2) Importer(815301076,1909f56bfc062723c751e8b465ee728b)  -> (artifact id: 'aff73011b396b29246f6f70e76d461d7') in 0.059824 seconds
  Import took 0.070488 seconds .

========================================================================
Received Import Request.
  Time since last request: 0.000369 seconds.
  path: Assets/ResourcesStatic/VFX/Materials/M_Point.mat
  artifactKey: Guid(696134122e499ca40bf9e6f4acda546e) Importer(815301076,1909f56bfc062723c751e8b465ee728b)
Start importing Assets/ResourcesStatic/VFX/Materials/M_Point.mat using Guid(696134122e499ca40bf9e6f4acda546e) Importer(815301076,1909f56bfc062723c751e8b465ee728b)  -> (artifact id: '7e78f913083e12eb922c0ee66f6a0f35') in 0.069548 seconds
  Import took 0.086377 seconds .

========================================================================
Received Import Request.
  Time since last request: 0.000350 seconds.
  path: Assets/ResourcesStatic/VFX/Materials/leaf01.mat
  artifactKey: Guid(14dccee239ffdd642afff4b9d78d1713) Importer(815301076,1909f56bfc062723c751e8b465ee728b)
Start importing Assets/ResourcesStatic/VFX/Materials/leaf01.mat using Guid(14dccee239ffdd642afff4b9d78d1713) Importer(815301076,1909f56bfc062723c751e8b465ee728b)  -> (artifact id: '2bd52ad463262d081de05a806d0696ef') in 0.029488 seconds
  Import took 0.036934 seconds .

========================================================================
Received Import Request.
  Time since last request: 0.000348 seconds.
  path: Assets/ResourcesStatic/VFX/Materials/leaf02.mat
  artifactKey: Guid(e10bdb06abac9b84ba36cdee89920c0f) Importer(815301076,1909f56bfc062723c751e8b465ee728b)
Start importing Assets/ResourcesStatic/VFX/Materials/leaf02.mat using Guid(e10bdb06abac9b84ba36cdee89920c0f) Importer(815301076,1909f56bfc062723c751e8b465ee728b)  -> (artifact id: '510488e298f34ff8576e6e13f796deca') in 0.016661 seconds
  Import took 0.025369 seconds .

========================================================================
Received Import Request.
  Time since last request: 0.000346 seconds.
  path: Assets/ResourcesStatic/VFX/Materials/spirits01.mat
  artifactKey: Guid(e8315c4b5c8f2f943ab9fe9847e6a942) Importer(815301076,1909f56bfc062723c751e8b465ee728b)
Start importing Assets/ResourcesStatic/VFX/Materials/spirits01.mat using Guid(e8315c4b5c8f2f943ab9fe9847e6a942) Importer(815301076,1909f56bfc062723c751e8b465ee728b)  -> (artifact id: '718d0ecc55afd64137f70a6ef622b9b0') in 0.024266 seconds
  Import took 0.031311 seconds .

========================================================================
Received Import Request.
  Time since last request: 0.000438 seconds.
  path: Assets/ResourcesStatic/VFX/Materials/fog01.mat
  artifactKey: Guid(b335b3a487d328e448510a1c51742d12) Importer(815301076,1909f56bfc062723c751e8b465ee728b)
Start importing Assets/ResourcesStatic/VFX/Materials/fog01.mat using Guid(b335b3a487d328e448510a1c51742d12) Importer(815301076,1909f56bfc062723c751e8b465ee728b)  -> (artifact id: 'a49a5cf0cca26e5b854a20ecc7cc3fd7') in 0.092183 seconds
  Import took 0.099433 seconds .

========================================================================
Received Import Request.
  Time since last request: 0.000346 seconds.
  path: Assets/ResourcesStatic/VFX/Materials/wisp_flare.mat
  artifactKey: Guid(3bb421840cecfa747bf9dbc44ed5ee56) Importer(815301076,1909f56bfc062723c751e8b465ee728b)
Start importing Assets/ResourcesStatic/VFX/Materials/wisp_flare.mat using Guid(3bb421840cecfa747bf9dbc44ed5ee56) Importer(815301076,1909f56bfc062723c751e8b465ee728b)  -> (artifact id: 'c56d493fdf73796dea76aee2c3429150') in 0.059926 seconds
  Import took 0.067006 seconds .

========================================================================
Received Import Request.
  Time since last request: 0.000396 seconds.
  path: Assets/ResourcesStatic/VFX/Materials/lightbeam.mat
  artifactKey: Guid(691dc45cb0d35874aaf46a6f8c550c86) Importer(815301076,1909f56bfc062723c751e8b465ee728b)
Start importing Assets/ResourcesStatic/VFX/Materials/lightbeam.mat using Guid(691dc45cb0d35874aaf46a6f8c550c86) Importer(815301076,1909f56bfc062723c751e8b465ee728b)  -> (artifact id: 'eef279d027e6f880d7eca1d0b658c4b3') in 0.045980 seconds
  Import took 0.066064 seconds .

========================================================================
Received Import Request.
  Time since last request: 10.468429 seconds.
  path: Assets/Scripts/Main
  artifactKey: Guid(a02b0ff2a6789224ebcfc74fa5209371) Importer(815301076,1909f56bfc062723c751e8b465ee728b)
Start importing Assets/Scripts/Main using Guid(a02b0ff2a6789224ebcfc74fa5209371) Importer(815301076,1909f56bfc062723c751e8b465ee728b)  -> (artifact id: '9bc84a7372b51d97ad36dad72c414077') in 0.002564 seconds
  Import took 0.010603 seconds .

========================================================================
Received Import Request.
  Time since last request: 367.154944 seconds.
  path: Assets/Scenes/Main/OnceUponATimeStory.unity
  artifactKey: Guid(a5afc3e07f17fbd4ead1dc3c9c9899bf) Importer(815301076,1909f56bfc062723c751e8b465ee728b)
Start importing Assets/Scenes/Main/OnceUponATimeStory.unity using Guid(a5afc3e07f17fbd4ead1dc3c9c9899bf) Importer(815301076,1909f56bfc062723c751e8b465ee728b)  -> (artifact id: 'b1bc61094ccaa73c80095793473640c8') in 0.003605 seconds
  Import took 0.034048 seconds .

========================================================================
Received Import Request.
  Time since last request: 14.296013 seconds.
  path: Assets/Scenes/Ruins/First_Room_Assets/New Terrain 1.asset
  artifactKey: Guid(9d7746fdcefb74795ad9751cdbbfdca5) Importer(815301076,1909f56bfc062723c751e8b465ee728b)
Start importing Assets/Scenes/Ruins/First_Room_Assets/New Terrain 1.asset using Guid(9d7746fdcefb74795ad9751cdbbfdca5) Importer(815301076,1909f56bfc062723c751e8b465ee728b)  -> (artifact id: '365fc211755c925f3d17835c41952129') in 0.439983 seconds
  Import took 0.470780 seconds .

========================================================================
Received Import Request.
  Time since last request: 0.000794 seconds.
  path: Assets/Scenes/Ruins/First_Room_Assets/TerrainData_1bca82e6-5aad-4b77-8a2b-c80c9f37823f.asset
  artifactKey: Guid(2fde781af82b846369510b6f2b667955) Importer(815301076,1909f56bfc062723c751e8b465ee728b)
Start importing Assets/Scenes/Ruins/First_Room_Assets/TerrainData_1bca82e6-5aad-4b77-8a2b-c80c9f37823f.asset using Guid(2fde781af82b846369510b6f2b667955) Importer(815301076,1909f56bfc062723c751e8b465ee728b)  -> (artifact id: 'e77f376c825ea4e8f90322d087369897') in 0.072602 seconds
  Import took 0.092577 seconds .

========================================================================
Received Import Request.
  Time since last request: 0.000346 seconds.
  path: Assets/Scenes/Ruins/First_Room_Assets/TerrainData_0472b6a1-e7ce-4ab9-8d3b-cbca8e4c832a.asset
  artifactKey: Guid(f1a7ea02b40204477957bddc9f9d8e99) Importer(815301076,1909f56bfc062723c751e8b465ee728b)
Start importing Assets/Scenes/Ruins/First_Room_Assets/TerrainData_0472b6a1-e7ce-4ab9-8d3b-cbca8e4c832a.asset using Guid(f1a7ea02b40204477957bddc9f9d8e99) Importer(815301076,1909f56bfc062723c751e8b465ee728b)  -> (artifact id: '388171dbc5c1d8d9059ea78710ab31d1') in 0.056711 seconds
  Import took 0.078761 seconds .

========================================================================
Received Import Request.
  Time since last request: 0.000391 seconds.
  path: Assets/Scenes/Ruins/First_Room_Assets/TerrainData_9791a7a3-9e92-44f0-9664-de94afb792ef.asset
  artifactKey: Guid(e05c2655c33944cfa8264d16486788d4) Importer(815301076,1909f56bfc062723c751e8b465ee728b)
Start importing Assets/Scenes/Ruins/First_Room_Assets/TerrainData_9791a7a3-9e92-44f0-9664-de94afb792ef.asset using Guid(e05c2655c33944cfa8264d16486788d4) Importer(815301076,1909f56bfc062723c751e8b465ee728b)  -> (artifact id: 'd0853259d53015409434bd71b929c26e') in 0.081041 seconds
  Import took 0.102738 seconds .

========================================================================
Received Import Request.
  Time since last request: 0.000333 seconds.
  path: Assets/Scenes/Ruins/First_Room_Assets/RuinsGameSettings.asset
  artifactKey: Guid(2217e381db178451181e206031be368c) Importer(815301076,1909f56bfc062723c751e8b465ee728b)
Start importing Assets/Scenes/Ruins/First_Room_Assets/RuinsGameSettings.asset using Guid(2217e381db178451181e206031be368c) Importer(815301076,1909f56bfc062723c751e8b465ee728b)  -> (artifact id: '873ef5f59fa7231a1c0dbddfe87cd56b') in 0.005139 seconds
  Import took 0.023169 seconds .

========================================================================
Received Import Request.
  Time since last request: 0.000476 seconds.
  path: Assets/Scenes/Ruins/First_Room_Assets/Post-process Volume Profile.asset
  artifactKey: Guid(679b9e8d001017541892548dd6e00668) Importer(815301076,1909f56bfc062723c751e8b465ee728b)
Start importing Assets/Scenes/Ruins/First_Room_Assets/Post-process Volume Profile.asset using Guid(679b9e8d001017541892548dd6e00668) Importer(815301076,1909f56bfc062723c751e8b465ee728b)  -> (artifact id: '4dc6c496f7f2fc6af3a74c0e567636d2') in 0.018257 seconds
  Import took 0.028578 seconds .

========================================================================
Received Import Request.
  Time since last request: 0.000358 seconds.
  path: Assets/Scenes/Ruins/First_Room_Assets/TerrainData_3595e9cd-ed3c-464c-b511-1412257c3fe2.asset
  artifactKey: Guid(467cd51e4b8a349169df6def222d617b) Importer(815301076,1909f56bfc062723c751e8b465ee728b)
Start importing Assets/Scenes/Ruins/First_Room_Assets/TerrainData_3595e9cd-ed3c-464c-b511-1412257c3fe2.asset using Guid(467cd51e4b8a349169df6def222d617b) Importer(815301076,1909f56bfc062723c751e8b465ee728b)  -> (artifact id: '31cfde80b8bf8604bbfe6862ce3240e9') in 0.054222 seconds
  Import took 0.061238 seconds .

========================================================================
Received Import Request.
  Time since last request: 0.000360 seconds.
  path: Assets/Scenes/Ruins/First_Room_Assets/TerrainData_ee0a23e1-1913-49af-b58f-660dc2f7bb66.asset
  artifactKey: Guid(901cf3f98e91a42f08656ce9f21665af) Importer(815301076,1909f56bfc062723c751e8b465ee728b)
Start importing Assets/Scenes/Ruins/First_Room_Assets/TerrainData_ee0a23e1-1913-49af-b58f-660dc2f7bb66.asset using Guid(901cf3f98e91a42f08656ce9f21665af) Importer(815301076,1909f56bfc062723c751e8b465ee728b)  -> (artifact id: '51ccd5b46c0593aa772c4a940b8fe325') in 0.055578 seconds
  Import took 0.062959 seconds .

========================================================================
Received Import Request.
  Time since last request: 0.000358 seconds.
  path: Assets/Scenes/Ruins/First_Room_Assets/TerrainData_7a5c6aaa-09a4-49db-9abc-bedcfe24a0ae.asset
  artifactKey: Guid(bd8281cf019544be9843735b0fd80942) Importer(815301076,1909f56bfc062723c751e8b465ee728b)
Start importing Assets/Scenes/Ruins/First_Room_Assets/TerrainData_7a5c6aaa-09a4-49db-9abc-bedcfe24a0ae.asset using Guid(bd8281cf019544be9843735b0fd80942) Importer(815301076,1909f56bfc062723c751e8b465ee728b)  -> (artifact id: 'fe2f99d0cdd6bbf56850327c8e9fe7da') in 0.061117 seconds
  Import took 0.069300 seconds .

========================================================================
Received Import Request.
  Time since last request: 0.000365 seconds.
  path: Assets/Scenes/Ruins/First_Room_Assets/TerrainData_6002e425-7213-4d80-bebc-9a3d4df543e8.asset
  artifactKey: Guid(689fba1bc0fd3478cbfb227f640ff729) Importer(815301076,1909f56bfc062723c751e8b465ee728b)
Start importing Assets/Scenes/Ruins/First_Room_Assets/TerrainData_6002e425-7213-4d80-bebc-9a3d4df543e8.asset using Guid(689fba1bc0fd3478cbfb227f640ff729) Importer(815301076,1909f56bfc062723c751e8b465ee728b)  -> (artifact id: '3050e08dfbac19572ef1e620a2dc6eb4') in 0.056963 seconds
  Import took 0.095645 seconds .

========================================================================
Received Import Request.
  Time since last request: 0.000421 seconds.
  path: Assets/Scenes/Ruins/First_Room_Assets/TerrainData_59e25e6c-2517-4782-b472-660ed796cb1a.asset
  artifactKey: Guid(4622be7663d6a4d8f8b3229f00988ed7) Importer(815301076,1909f56bfc062723c751e8b465ee728b)
Start importing Assets/Scenes/Ruins/First_Room_Assets/TerrainData_59e25e6c-2517-4782-b472-660ed796cb1a.asset using Guid(4622be7663d6a4d8f8b3229f00988ed7) Importer(815301076,1909f56bfc062723c751e8b465ee728b)  -> (artifact id: '848e90746b429a0b5780d12511b4758a') in 0.057409 seconds
  Import took 0.064333 seconds .

========================================================================
Received Import Request.
  Time since last request: 3.240606 seconds.
  path: Assets/Scenes/Ruins/Materials/Screenshot 2020-08-12 at 10.24.25.mat
  artifactKey: Guid(c0c578c4c37984207a3f52485cb5bc1f) Importer(815301076,1909f56bfc062723c751e8b465ee728b)
Start importing Assets/Scenes/Ruins/Materials/Screenshot 2020-08-12 at 10.24.25.mat using Guid(c0c578c4c37984207a3f52485cb5bc1f) Importer(815301076,1909f56bfc062723c751e8b465ee728b)  -> (artifact id: '807805f2843e6fd1ed1d49ae6ec58e23') in 0.092923 seconds
  Import took 0.106446 seconds .

========================================================================
Received Import Request.
  Time since last request: 5.571269 seconds.
  path: Assets/Scenes/Ruins/FirstRoomV2.unity
  artifactKey: Guid(d38e1dd7ffc31466494778ba4d7dde55) Importer(815301076,1909f56bfc062723c751e8b465ee728b)
Start importing Assets/Scenes/Ruins/FirstRoomV2.unity using Guid(d38e1dd7ffc31466494778ba4d7dde55) Importer(815301076,1909f56bfc062723c751e8b465ee728b)  -> (artifact id: 'ce90278034533e5d2c23ba073538900c') in 0.018999 seconds
  Import took 0.026017 seconds .

========================================================================
Received Import Request.
  Time since last request: 304.073430 seconds.
  path: Assets/Scenes/Ruins/Battle_lvl.unity
  artifactKey: Guid(d4f35b54ccddc1d4ea2105b6619bef42) Importer(815301076,1909f56bfc062723c751e8b465ee728b)
Start importing Assets/Scenes/Ruins/Battle_lvl.unity using Guid(d4f35b54ccddc1d4ea2105b6619bef42) Importer(815301076,1909f56bfc062723c751e8b465ee728b)  -> (artifact id: 'e04ac14f0ff1c67d3a7e3d5f97270d0f') in 0.003608 seconds
  Import took 0.033017 seconds .

========================================================================
Received Prepare
Registering precompiled user dll's ...
Registered in 0.056362 seconds.
Begin MonoManager ReloadAssembly
Native extension for WindowsStandalone target not found
Refreshing native plugins compatible for Editor in 1.15 ms, found 2 plugins.
Preloading 0 native plugins for Editor in 0.00 ms.
Warning: Annotation not found!
UnityEngine.StackTraceUtility:ExtractStackTrace ()
UnityEditor.ProBuilder.EditorUtility:SetGizmoIconEnabled (System.Type,bool) (at Library/PackageCache/com.unity.probuilder@4.4.0/Editor/EditorCore/EditorUtility.cs:593)
UnityEditor.ProBuilder.HierarchyListener:.cctor () (at Library/PackageCache/com.unity.probuilder@4.4.0/Editor/EditorCore/HierarchyListener.cs:21)
System.Runtime.CompilerServices.RuntimeHelpers:RunClassConstructor (System.RuntimeTypeHandle)
UnityEditor.EditorAssemblies:ProcessInitializeOnLoadAttributes (System.Type[])

[Library/PackageCache/com.unity.probuilder@4.4.0/Editor/EditorCore/EditorUtility.cs line 593]

Invoked RoslynAnalysisRunner static constructor.
RoslynAnalysisRunner will not be running.
RoslynAnalysisRunner has terminated.
NullReferenceException: Object reference not set to an instance of an object
  at GraphSpace.StartNode.Init () [0x00030] in D:\UNITY\undertale3DRemake\Assets\Plugins\PlayText\Scripts\Nodes\StartNode.cs:22 
  at XNode.Node.OnEnable () [0x00024] in D:\UNITY\undertale3DRemake\Assets\Plugins\PlayText\xNode\Scripts\Node.cs:123 
UnityEditor.AssetDatabase:LoadAssetAtPath(String, Type)
XNodeEditor.NodeEditorAssetModProcessor:OnReloadEditor() (at Assets\Plugins\PlayText\xNode\Scripts\Editor\NodeEditorAssetModProcessor.cs:54)

(Filename: Assets/Plugins/PlayText/Scripts/Nodes/StartNode.cs Line: 22)

NullReferenceException: Object reference not set to an instance of an object
  at XNodeEditor.NodeEditorAssetModProcessor.OnReloadEditor () [0x0004b] in D:\UNITY\undertale3DRemake\Assets\Plugins\PlayText\xNode\Scripts\Editor\NodeEditorAssetModProcessor.cs:55 

(Filename: Assets/Plugins/PlayText/xNode/Scripts/Editor/NodeEditorAssetModProcessor.cs Line: 55)

Mono: successfully reloaded assembly
- Completed reload, in  3.157 seconds
Platform modules already initialized, skipping
Refreshing native plugins compatible for Editor in 1.25 ms, found 2 plugins.
Preloading 0 native plugins for Editor in 0.00 ms.
Unloading 2965 Unused Serialized files (Serialized files now loaded: 0)
System memory in use before: 195.6 MB.
System memory in use after: 195.6 MB.

Unloading 91 unused Assets to reduce memory usage. Loaded Objects now: 3678.
Total: 26.935100 ms (FindLiveObjects: 0.617700 ms CreateObjectMapping: 0.398100 ms MarkObjects: 25.614500 ms  DeleteObjects: 0.302100 ms)

========================================================================
Received Prepare
Registering precompiled user dll's ...
Registered in 0.019376 seconds.
Begin MonoManager ReloadAssembly
Native extension for WindowsStandalone target not found
Refreshing native plugins compatible for Editor in 1.32 ms, found 2 plugins.
Preloading 0 native plugins for Editor in 0.00 ms.
Warning: Annotation not found!
UnityEngine.StackTraceUtility:ExtractStackTrace ()
UnityEditor.ProBuilder.EditorUtility:SetGizmoIconEnabled (System.Type,bool) (at Library/PackageCache/com.unity.probuilder@4.4.0/Editor/EditorCore/EditorUtility.cs:593)
UnityEditor.ProBuilder.HierarchyListener:.cctor () (at Library/PackageCache/com.unity.probuilder@4.4.0/Editor/EditorCore/HierarchyListener.cs:21)
System.Runtime.CompilerServices.RuntimeHelpers:RunClassConstructor (System.RuntimeTypeHandle)
UnityEditor.EditorAssemblies:ProcessInitializeOnLoadAttributes (System.Type[])

[Library/PackageCache/com.unity.probuilder@4.4.0/Editor/EditorCore/EditorUtility.cs line 593]

Invoked RoslynAnalysisRunner static constructor.
RoslynAnalysisRunner will not be running.
RoslynAnalysisRunner has terminated.
NullReferenceException: Object reference not set to an instance of an object
  at GraphSpace.StartNode.Init () [0x00030] in D:\UNITY\undertale3DRemake\Assets\Plugins\PlayText\Scripts\Nodes\StartNode.cs:22 
  at XNode.Node.OnEnable () [0x00024] in D:\UNITY\undertale3DRemake\Assets\Plugins\PlayText\xNode\Scripts\Node.cs:123 
UnityEditor.AssetDatabase:LoadAssetAtPath(String, Type)
XNodeEditor.NodeEditorAssetModProcessor:OnReloadEditor() (at Assets\Plugins\PlayText\xNode\Scripts\Editor\NodeEditorAssetModProcessor.cs:54)

(Filename: Assets/Plugins/PlayText/Scripts/Nodes/StartNode.cs Line: 22)

NullReferenceException: Object reference not set to an instance of an object
  at XNodeEditor.NodeEditorAssetModProcessor.OnReloadEditor () [0x0004b] in D:\UNITY\undertale3DRemake\Assets\Plugins\PlayText\xNode\Scripts\Editor\NodeEditorAssetModProcessor.cs:55 

(Filename: Assets/Plugins/PlayText/xNode/Scripts/Editor/NodeEditorAssetModProcessor.cs Line: 55)

Mono: successfully reloaded assembly
- Completed reload, in  2.735 seconds
Platform modules already initialized, skipping
Refreshing native plugins compatible for Editor in 1.10 ms, found 2 plugins.
Preloading 0 native plugins for Editor in 0.00 ms.
Unloading 2965 Unused Serialized files (Serialized files now loaded: 0)
System memory in use before: 195.6 MB.
System memory in use after: 195.6 MB.

Unloading 91 unused Assets to reduce memory usage. Loaded Objects now: 3682.
Total: 27.093900 ms (FindLiveObjects: 0.488300 ms CreateObjectMapping: 0.369700 ms MarkObjects: 25.926100 ms  DeleteObjects: 0.307800 ms)

========================================================================
Received Prepare
Registering precompiled user dll's ...
Registered in 0.020270 seconds.
Begin MonoManager ReloadAssembly
Native extension for WindowsStandalone target not found
Refreshing native plugins compatible for Editor in 1.16 ms, found 2 plugins.
Preloading 0 native plugins for Editor in 0.00 ms.
Warning: Annotation not found!
UnityEngine.StackTraceUtility:ExtractStackTrace ()
UnityEditor.ProBuilder.EditorUtility:SetGizmoIconEnabled (System.Type,bool) (at Library/PackageCache/com.unity.probuilder@4.4.0/Editor/EditorCore/EditorUtility.cs:593)
UnityEditor.ProBuilder.HierarchyListener:.cctor () (at Library/PackageCache/com.unity.probuilder@4.4.0/Editor/EditorCore/HierarchyListener.cs:21)
System.Runtime.CompilerServices.RuntimeHelpers:RunClassConstructor (System.RuntimeTypeHandle)
UnityEditor.EditorAssemblies:ProcessInitializeOnLoadAttributes (System.Type[])

[Library/PackageCache/com.unity.probuilder@4.4.0/Editor/EditorCore/EditorUtility.cs line 593]

Invoked RoslynAnalysisRunner static constructor.
RoslynAnalysisRunner will not be running.
RoslynAnalysisRunner has terminated.
NullReferenceException: Object reference not set to an instance of an object
  at GraphSpace.StartNode.Init () [0x00030] in D:\UNITY\undertale3DRemake\Assets\Plugins\PlayText\Scripts\Nodes\StartNode.cs:22 
  at XNode.Node.OnEnable () [0x00024] in D:\UNITY\undertale3DRemake\Assets\Plugins\PlayText\xNode\Scripts\Node.cs:123 
UnityEditor.AssetDatabase:LoadAssetAtPath(String, Type)
XNodeEditor.NodeEditorAssetModProcessor:OnReloadEditor() (at Assets\Plugins\PlayText\xNode\Scripts\Editor\NodeEditorAssetModProcessor.cs:54)

(Filename: Assets/Plugins/PlayText/Scripts/Nodes/StartNode.cs Line: 22)

NullReferenceException: Object reference not set to an instance of an object
  at XNodeEditor.NodeEditorAssetModProcessor.OnReloadEditor () [0x0004b] in D:\UNITY\undertale3DRemake\Assets\Plugins\PlayText\xNode\Scripts\Editor\NodeEditorAssetModProcessor.cs:55 

(Filename: Assets/Plugins/PlayText/xNode/Scripts/Editor/NodeEditorAssetModProcessor.cs Line: 55)

Mono: successfully reloaded assembly
- Completed reload, in  2.751 seconds
Platform modules already initialized, skipping
Refreshing native plugins compatible for Editor in 1.16 ms, found 2 plugins.
Preloading 0 native plugins for Editor in 0.00 ms.
Unloading 2965 Unused Serialized files (Serialized files now loaded: 0)
System memory in use before: 195.6 MB.
System memory in use after: 195.6 MB.

Unloading 91 unused Assets to reduce memory usage. Loaded Objects now: 3686.
Total: 26.756500 ms (FindLiveObjects: 0.486300 ms CreateObjectMapping: 0.364800 ms MarkObjects: 25.495000 ms  DeleteObjects: 0.408200 ms)

========================================================================
Received Import Request.
  Time since last request: 1363.926811 seconds.
  path: Assets/Scenes/Ruins/Battle_lvl.unity
  artifactKey: Guid(d4f35b54ccddc1d4ea2105b6619bef42) Importer(815301076,1909f56bfc062723c751e8b465ee728b)
Start importing Assets/Scenes/Ruins/Battle_lvl.unity using Guid(d4f35b54ccddc1d4ea2105b6619bef42) Importer(815301076,1909f56bfc062723c751e8b465ee728b)  -> (artifact id: 'b1571ca1c01d4ccb7d71e0dd702cb96f') in 0.010205 seconds
  Import took 0.019281 seconds .

========================================================================
Received Import Request.
  Time since last request: 0.870104 seconds.
  path: Assets/Scenes/Ruins/FloweyRoom.unity
  artifactKey: Guid(c92dfecaec5e74c23857fa554d5d8415) Importer(815301076,1909f56bfc062723c751e8b465ee728b)
Start importing Assets/Scenes/Ruins/FloweyRoom.unity using Guid(c92dfecaec5e74c23857fa554d5d8415) Importer(815301076,1909f56bfc062723c751e8b465ee728b)  -> (artifact id: '2cbfff7ae60c2273b40d52c707c9e809') in 0.002452 seconds
  Import took 0.021243 seconds .

========================================================================
Received Prepare
Registering precompiled user dll's ...
Registered in 0.027175 seconds.
Begin MonoManager ReloadAssembly
Native extension for WindowsStandalone target not found
Refreshing native plugins compatible for Editor in 1.19 ms, found 2 plugins.
Preloading 0 native plugins for Editor in 0.00 ms.
Warning: Annotation not found!
UnityEngine.StackTraceUtility:ExtractStackTrace ()
UnityEditor.ProBuilder.EditorUtility:SetGizmoIconEnabled (System.Type,bool) (at Library/PackageCache/com.unity.probuilder@4.4.0/Editor/EditorCore/EditorUtility.cs:593)
UnityEditor.ProBuilder.HierarchyListener:.cctor () (at Library/PackageCache/com.unity.probuilder@4.4.0/Editor/EditorCore/HierarchyListener.cs:21)
System.Runtime.CompilerServices.RuntimeHelpers:RunClassConstructor (System.RuntimeTypeHandle)
UnityEditor.EditorAssemblies:ProcessInitializeOnLoadAttributes (System.Type[])

[Library/PackageCache/com.unity.probuilder@4.4.0/Editor/EditorCore/EditorUtility.cs line 593]

Invoked RoslynAnalysisRunner static constructor.
RoslynAnalysisRunner will not be running.
RoslynAnalysisRunner has terminated.
NullReferenceException: Object reference not set to an instance of an object
  at GraphSpace.StartNode.Init () [0x00030] in D:\UNITY\undertale3DRemake\Assets\Plugins\PlayText\Scripts\Nodes\StartNode.cs:22 
  at XNode.Node.OnEnable () [0x00024] in D:\UNITY\undertale3DRemake\Assets\Plugins\PlayText\xNode\Scripts\Node.cs:123 
UnityEditor.AssetDatabase:LoadAssetAtPath(String, Type)
XNodeEditor.NodeEditorAssetModProcessor:OnReloadEditor() (at Assets\Plugins\PlayText\xNode\Scripts\Editor\NodeEditorAssetModProcessor.cs:54)

(Filename: Assets/Plugins/PlayText/Scripts/Nodes/StartNode.cs Line: 22)

NullReferenceException: Object reference not set to an instance of an object
  at XNodeEditor.NodeEditorAssetModProcessor.OnReloadEditor () [0x0004b] in D:\UNITY\undertale3DRemake\Assets\Plugins\PlayText\xNode\Scripts\Editor\NodeEditorAssetModProcessor.cs:55 

(Filename: Assets/Plugins/PlayText/xNode/Scripts/Editor/NodeEditorAssetModProcessor.cs Line: 55)

Mono: successfully reloaded assembly
- Completed reload, in  3.553 seconds
Platform modules already initialized, skipping
Refreshing native plugins compatible for Editor in 1.14 ms, found 2 plugins.
Preloading 0 native plugins for Editor in 0.00 ms.
Unloading 2965 Unused Serialized files (Serialized files now loaded: 0)
System memory in use before: 196.6 MB.
System memory in use after: 196.7 MB.

Unloading 91 unused Assets to reduce memory usage. Loaded Objects now: 3690.
Total: 28.837900 ms (FindLiveObjects: 0.515300 ms CreateObjectMapping: 0.469100 ms MarkObjects: 27.399400 ms  DeleteObjects: 0.452200 ms)

========================================================================
Received Prepare
Registering precompiled user dll's ...
Registered in 0.027857 seconds.
Begin MonoManager ReloadAssembly
Native extension for WindowsStandalone target not found
Refreshing native plugins compatible for Editor in 1.27 ms, found 2 plugins.
Preloading 0 native plugins for Editor in 0.00 ms.
Warning: Annotation not found!
UnityEngine.StackTraceUtility:ExtractStackTrace ()
UnityEditor.ProBuilder.EditorUtility:SetGizmoIconEnabled (System.Type,bool) (at Library/PackageCache/com.unity.probuilder@4.4.0/Editor/EditorCore/EditorUtility.cs:593)
UnityEditor.ProBuilder.HierarchyListener:.cctor () (at Library/PackageCache/com.unity.probuilder@4.4.0/Editor/EditorCore/HierarchyListener.cs:21)
System.Runtime.CompilerServices.RuntimeHelpers:RunClassConstructor (System.RuntimeTypeHandle)
UnityEditor.EditorAssemblies:ProcessInitializeOnLoadAttributes (System.Type[])

[Library/PackageCache/com.unity.probuilder@4.4.0/Editor/EditorCore/EditorUtility.cs line 593]

Invoked RoslynAnalysisRunner static constructor.
RoslynAnalysisRunner will not be running.
RoslynAnalysisRunner has terminated.
NullReferenceException: Object reference not set to an instance of an object
  at GraphSpace.StartNode.Init () [0x00030] in D:\UNITY\undertale3DRemake\Assets\Plugins\PlayText\Scripts\Nodes\StartNode.cs:22 
  at XNode.Node.OnEnable () [0x00024] in D:\UNITY\undertale3DRemake\Assets\Plugins\PlayText\xNode\Scripts\Node.cs:123 
UnityEditor.AssetDatabase:LoadAssetAtPath(String, Type)
XNodeEditor.NodeEditorAssetModProcessor:OnReloadEditor() (at Assets\Plugins\PlayText\xNode\Scripts\Editor\NodeEditorAssetModProcessor.cs:54)

(Filename: Assets/Plugins/PlayText/Scripts/Nodes/StartNode.cs Line: 22)

NullReferenceException: Object reference not set to an instance of an object
  at XNodeEditor.NodeEditorAssetModProcessor.OnReloadEditor () [0x0004b] in D:\UNITY\undertale3DRemake\Assets\Plugins\PlayText\xNode\Scripts\Editor\NodeEditorAssetModProcessor.cs:55 

(Filename: Assets/Plugins/PlayText/xNode/Scripts/Editor/NodeEditorAssetModProcessor.cs Line: 55)

Mono: successfully reloaded assembly
- Completed reload, in  3.500 seconds
Platform modules already initialized, skipping
Refreshing native plugins compatible for Editor in 1.16 ms, found 2 plugins.
Preloading 0 native plugins for Editor in 0.00 ms.
Unloading 2965 Unused Serialized files (Serialized files now loaded: 0)
System memory in use before: 195.7 MB.
System memory in use after: 195.7 MB.

Unloading 91 unused Assets to reduce memory usage. Loaded Objects now: 3694.
Total: 31.259300 ms (FindLiveObjects: 0.420500 ms CreateObjectMapping: 0.200800 ms MarkObjects: 30.106400 ms  DeleteObjects: 0.529600 ms)

========================================================================
Received Import Request.
  Time since last request: 208.239470 seconds.
  path: Assets/Scenes/Ruins/FirstRoomV2.unity
  artifactKey: Guid(d38e1dd7ffc31466494778ba4d7dde55) Importer(815301076,1909f56bfc062723c751e8b465ee728b)
Start importing Assets/Scenes/Ruins/FirstRoomV2.unity using Guid(d38e1dd7ffc31466494778ba4d7dde55) Importer(815301076,1909f56bfc062723c751e8b465ee728b)  -> (artifact id: '232ab15153ffc0a496195e130eace7c1') in 0.010040 seconds
  Import took 0.038291 seconds .

========================================================================
Received Prepare
Registering precompiled user dll's ...
Registered in 0.020640 seconds.
Begin MonoManager ReloadAssembly
Native extension for WindowsStandalone target not found
Refreshing native plugins compatible for Editor in 1.40 ms, found 2 plugins.
Preloading 0 native plugins for Editor in 0.00 ms.
Warning: Annotation not found!
UnityEngine.StackTraceUtility:ExtractStackTrace ()
UnityEditor.ProBuilder.EditorUtility:SetGizmoIconEnabled (System.Type,bool) (at Library/PackageCache/com.unity.probuilder@4.4.0/Editor/EditorCore/EditorUtility.cs:593)
UnityEditor.ProBuilder.HierarchyListener:.cctor () (at Library/PackageCache/com.unity.probuilder@4.4.0/Editor/EditorCore/HierarchyListener.cs:21)
System.Runtime.CompilerServices.RuntimeHelpers:RunClassConstructor (System.RuntimeTypeHandle)
UnityEditor.EditorAssemblies:ProcessInitializeOnLoadAttributes (System.Type[])

[Library/PackageCache/com.unity.probuilder@4.4.0/Editor/EditorCore/EditorUtility.cs line 593]

Invoked RoslynAnalysisRunner static constructor.
RoslynAnalysisRunner will not be running.
RoslynAnalysisRunner has terminated.
NullReferenceException: Object reference not set to an instance of an object
  at GraphSpace.StartNode.Init () [0x00030] in D:\UNITY\undertale3DRemake\Assets\Plugins\PlayText\Scripts\Nodes\StartNode.cs:22 
  at XNode.Node.OnEnable () [0x00024] in D:\UNITY\undertale3DRemake\Assets\Plugins\PlayText\xNode\Scripts\Node.cs:123 
UnityEditor.AssetDatabase:LoadAssetAtPath(String, Type)
XNodeEditor.NodeEditorAssetModProcessor:OnReloadEditor() (at Assets\Plugins\PlayText\xNode\Scripts\Editor\NodeEditorAssetModProcessor.cs:54)

(Filename: Assets/Plugins/PlayText/Scripts/Nodes/StartNode.cs Line: 22)

NullReferenceException: Object reference not set to an instance of an object
  at XNodeEditor.NodeEditorAssetModProcessor.OnReloadEditor () [0x0004b] in D:\UNITY\undertale3DRemake\Assets\Plugins\PlayText\xNode\Scripts\Editor\NodeEditorAssetModProcessor.cs:55 

(Filename: Assets/Plugins/PlayText/xNode/Scripts/Editor/NodeEditorAssetModProcessor.cs Line: 55)

Mono: successfully reloaded assembly
- Completed reload, in  3.620 seconds
Platform modules already initialized, skipping
Refreshing native plugins compatible for Editor in 1.56 ms, found 2 plugins.
Preloading 0 native plugins for Editor in 0.00 ms.
Unloading 2965 Unused Serialized files (Serialized files now loaded: 0)
System memory in use before: 195.6 MB.
System memory in use after: 195.7 MB.

Unloading 91 unused Assets to reduce memory usage. Loaded Objects now: 3698.
Total: 31.956600 ms (FindLiveObjects: 0.434200 ms CreateObjectMapping: 0.358100 ms MarkObjects: 30.808100 ms  DeleteObjects: 0.353800 ms)

AssetImportWorkerClient::OnTransportError - code=2 error=End of file
