Using pre-set license
Built from '2020.2/release' branch; Version is '2020.2.2f1 (068178b99f32) revision 426360'; Using compiler version '192528614'; Build Type 'Release'
OS: 'Windows 10 Pro; OS build 18363.1316; Version 1909; 64bit' Language: 'en' Physical Memory: 8133 MB
BatchMode: 1, IsHumanControllingUs: 0, StartBugReporterOnCrash: 0, Is64bit: 1, IsPro: 0

 COMMAND LINE ARGUMENTS:
E:\UNITY_Projects\2020.2.2f1\Editor\Unity.exe
-adb2
-batchMode
-noUpm
-name
AssetImportWorker1
-projectPath
D:/UNITY/undertale3DRemake
-logFile
Logs/AssetImportWorker1.log
-srvPort
52506
Successfully changed project path to: D:/UNITY/undertale3DRemake
D:/UNITY/undertale3DRemake
Using Asset Import Pipeline V2.
Refreshing native plugins compatible for Editor in 101.12 ms, found 2 plugins.
Preloading 0 native plugins for Editor in 0.00 ms.
Initialize engine version: 2020.2.2f1 (068178b99f32)
[Subsystems] Discovering subsystems at path E:/UNITY_Projects/2020.2.2f1/Editor/Data/Resources/UnitySubsystems
[Subsystems] Discovering subsystems at path D:/UNITY/undertale3DRemake/Assets
GfxDevice: creating device client; threaded=0
Direct3D:
    Version:  Direct3D 11.0 [level 11.1]
    Renderer: NVIDIA GeForce GTX 970 (ID=0x13c2)
    Vendor:   
    VRAM:     4043 MB
    Driver:   27.21.14.6079
Initialize mono
Mono path[0] = 'E:/UNITY_Projects/2020.2.2f1/Editor/Data/Managed'
Mono path[1] = 'E:/UNITY_Projects/2020.2.2f1/Editor/Data/MonoBleedingEdge/lib/mono/unityjit'
Mono config path = 'E:/UNITY_Projects/2020.2.2f1/Editor/Data/MonoBleedingEdge/etc'
Using monoOptions --debugger-agent=transport=dt_socket,embedding=1,server=y,suspend=n,address=127.0.0.1:56900
Begin MonoManager ReloadAssembly
Registering precompiled unity dll's ...
Register platform support module: E:/UNITY_Projects/2020.2.2f1/Editor/Data/PlaybackEngines/WindowsStandaloneSupport/UnityEditor.WindowsStandalone.Extensions.dll
Registered in 0.001210 seconds.
Native extension for WindowsStandalone target not found
Refreshing native plugins compatible for Editor in 84.75 ms, found 2 plugins.
Preloading 0 native plugins for Editor in 0.00 ms.
Invoked RoslynAnalysisRunner static constructor.
RoslynAnalysisRunner will not be running.
RoslynAnalysisRunner has terminated.
Mono: successfully reloaded assembly
- Completed reload, in  1.149 seconds
Platform modules already initialized, skipping
Registering precompiled user dll's ...
Registered in 0.020360 seconds.
Begin MonoManager ReloadAssembly
Native extension for WindowsStandalone target not found
Refreshing native plugins compatible for Editor in 86.60 ms, found 2 plugins.
Preloading 0 native plugins for Editor in 0.00 ms.
Invoked RoslynAnalysisRunner static constructor.
RoslynAnalysisRunner will not be running.
RoslynAnalysisRunner has terminated.
Mono: successfully reloaded assembly
- Completed reload, in  6.391 seconds
Platform modules already initialized, skipping
========================================================================
Worker process is ready to serve import requests
Launched and connected shader compiler UnityShaderCompiler.exe after 0.22 seconds
Refreshing native plugins compatible for Editor in 1.12 ms, found 2 plugins.
Preloading 0 native plugins for Editor in 0.00 ms.
Unloading 3118 Unused Serialized files (Serialized files now loaded: 0)
System memory in use before: 160.3 MB.
System memory in use after: 160.3 MB.

Unloading 256 unused Assets to reduce memory usage. Loaded Objects now: 3608.
Total: 29.590600 ms (FindLiveObjects: 0.432900 ms CreateObjectMapping: 0.266300 ms MarkObjects: 28.219500 ms  DeleteObjects: 0.669900 ms)

========================================================================
Received Import Request.
  path: Assets/ResourcesStatic/Models/Characters/Flowey/Animations/Flowey_idle(wiggle)_body.fbx
  artifactKey: Guid(e8a0216c5d1a4c640a95a0bb84005882) Importer(815301076,1909f56bfc062723c751e8b465ee728b)
Start importing Assets/ResourcesStatic/Models/Characters/Flowey/Animations/Flowey_idle(wiggle)_body.fbx using Guid(e8a0216c5d1a4c640a95a0bb84005882) Importer(815301076,1909f56bfc062723c751e8b465ee728b)  -> (artifact id: 'db93919a1ed11fa28f2d7dddf3bdff43') in 0.596881 seconds
  Import took 0.616645 seconds .

========================================================================
Received Import Request.
  Time since last request: 0.000349 seconds.
  path: Assets/ResourcesStatic/Models/Characters/Flowey/Materials/Flowey3.mat
  artifactKey: Guid(e39967a0f285b1e499fcdcf5c40d2221) Importer(815301076,1909f56bfc062723c751e8b465ee728b)
Start importing Assets/ResourcesStatic/Models/Characters/Flowey/Materials/Flowey3.mat using Guid(e39967a0f285b1e499fcdcf5c40d2221) Importer(815301076,1909f56bfc062723c751e8b465ee728b)  -> (artifact id: '23dc28e44327801eac7a383a217e3c11') in 0.326438 seconds
  Import took 0.333228 seconds .

========================================================================
Received Import Request.
  Time since last request: 0.000324 seconds.
  path: Assets/Scenes/Ruins/First_Room_Assets/Materials/Albedo_ClayGround_WithStones.mat
  artifactKey: Guid(fbc53fdfc06a44983b138fb4bfbb8e90) Importer(815301076,1909f56bfc062723c751e8b465ee728b)
Start importing Assets/Scenes/Ruins/First_Room_Assets/Materials/Albedo_ClayGround_WithStones.mat using Guid(fbc53fdfc06a44983b138fb4bfbb8e90) Importer(815301076,1909f56bfc062723c751e8b465ee728b)  -> (artifact id: '767a0d8d68c089f833104716c911eb50') in 0.885968 seconds
  Import took 0.892644 seconds .

========================================================================
Received Import Request.
  Time since last request: 0.000325 seconds.
  path: Assets/ResourcesStatic/VFX/Materials/dandelion02.mat
  artifactKey: Guid(a952a5bdadd80b44986f8a2b1d691b54) Importer(815301076,1909f56bfc062723c751e8b465ee728b)
Start importing Assets/ResourcesStatic/VFX/Materials/dandelion02.mat using Guid(a952a5bdadd80b44986f8a2b1d691b54) Importer(815301076,1909f56bfc062723c751e8b465ee728b)  -> (artifact id: '5638f61de68a1d6bd985c712640e1d99') in 0.523374 seconds
  Import took 0.530195 seconds .

========================================================================
Received Import Request.
  Time since last request: 0.000336 seconds.
  path: Assets/ResourcesStatic/Models/Characters/Flowey/Animations/Flowey_head3_talk.fbx
  artifactKey: Guid(78f6aa7e88512ed46906d9969d5162fa) Importer(815301076,1909f56bfc062723c751e8b465ee728b)
Start importing Assets/ResourcesStatic/Models/Characters/Flowey/Animations/Flowey_head3_talk.fbx using Guid(78f6aa7e88512ed46906d9969d5162fa) Importer(815301076,1909f56bfc062723c751e8b465ee728b)  -> (artifact id: '543ec0d54201cdccbd7a493853dcd1f3') in 0.103938 seconds
  Import took 0.110724 seconds .

========================================================================
Received Import Request.
  Time since last request: 0.000340 seconds.
  path: Assets/ResourcesStatic/Models/Environment/Columns/Materials/Column_clear.mat
  artifactKey: Guid(9fb7ce9b5c08e00488dbf154f1c523c7) Importer(815301076,1909f56bfc062723c751e8b465ee728b)
Start importing Assets/ResourcesStatic/Models/Environment/Columns/Materials/Column_clear.mat using Guid(9fb7ce9b5c08e00488dbf154f1c523c7) Importer(815301076,1909f56bfc062723c751e8b465ee728b)  -> (artifact id: 'ad8e6cab9e841ed844e9ffdd4e2e4d42') in 3.145234 seconds
  Import took 3.154333 seconds .

========================================================================
Received Import Request.
  Time since last request: 0.000572 seconds.
  path: Assets/ResourcesStatic/Models/Nature/simple-ivy/source/Ivy_mat.mat
  artifactKey: Guid(aac551fc1777145558b8da0e84a5190f) Importer(815301076,1909f56bfc062723c751e8b465ee728b)
Start importing Assets/ResourcesStatic/Models/Nature/simple-ivy/source/Ivy_mat.mat using Guid(aac551fc1777145558b8da0e84a5190f) Importer(815301076,1909f56bfc062723c751e8b465ee728b)  -> (artifact id: '966ebbddbf93374855d6402b052808ad') in 0.337876 seconds
  Import took 0.402261 seconds .

========================================================================
Received Import Request.
  Time since last request: 2.717373 seconds.
  path: Assets/Resources/VFX
  artifactKey: Guid(5ba64ee3f73057042ba61e57fd3e6eeb) Importer(815301076,1909f56bfc062723c751e8b465ee728b)
Start importing Assets/Resources/VFX using Guid(5ba64ee3f73057042ba61e57fd3e6eeb) Importer(815301076,1909f56bfc062723c751e8b465ee728b)  -> (artifact id: '009ae34266ab93ffc87ef90ca13aee7c') in 0.004788 seconds
  Import took 0.012744 seconds .

========================================================================
Received Import Request.
  Time since last request: 13.338186 seconds.
  path: Assets/Scenes/EndScene.signal
  artifactKey: Guid(d7844d4697895a44485d7f221d3e6993) Importer(815301076,1909f56bfc062723c751e8b465ee728b)
Start importing Assets/Scenes/EndScene.signal using Guid(d7844d4697895a44485d7f221d3e6993) Importer(815301076,1909f56bfc062723c751e8b465ee728b)  -> (artifact id: '0496f96d7e8a1a0a09601ae78bfb17ac') in 0.005317 seconds
  Import took 0.012792 seconds .

========================================================================
Received Import Request.
  Time since last request: 1.468646 seconds.
  path: Assets/Scenes/Ruins
  artifactKey: Guid(819d10705e0055648947f2287d5e21b8) Importer(815301076,1909f56bfc062723c751e8b465ee728b)
Start importing Assets/Scenes/Ruins using Guid(819d10705e0055648947f2287d5e21b8) Importer(815301076,1909f56bfc062723c751e8b465ee728b)  -> (artifact id: '63c7b99dc19523b16c13ea83d0495252') in 0.013987 seconds
  Import took 0.020828 seconds .

========================================================================
Received Import Request.
  Time since last request: 0.081045 seconds.
  path: Assets/Scenes/Ruins/Screenshot 2020-08-12 at 10.24.25.png
  artifactKey: Guid(fa10730192c804012a8890cef72ef9e6) Importer(815301076,1909f56bfc062723c751e8b465ee728b)
Start importing Assets/Scenes/Ruins/Screenshot 2020-08-12 at 10.24.25.png using Guid(fa10730192c804012a8890cef72ef9e6) Importer(815301076,1909f56bfc062723c751e8b465ee728b)  -> (artifact id: '305ca97cf9fb31043b4f26366d2ef34d') in 0.127997 seconds
  Import took 0.135479 seconds .

========================================================================
Received Import Request.
  Time since last request: 1.791064 seconds.
  path: Assets/Scenes/Ruins/FirstRoomV2.unity
  artifactKey: Guid(d38e1dd7ffc31466494778ba4d7dde55) Importer(815301076,1909f56bfc062723c751e8b465ee728b)
Start importing Assets/Scenes/Ruins/FirstRoomV2.unity using Guid(d38e1dd7ffc31466494778ba4d7dde55) Importer(815301076,1909f56bfc062723c751e8b465ee728b)  -> (artifact id: 'b312248c618d0cae0f32dbc61a6dd4f9') in 0.003539 seconds
  Import took 0.010823 seconds .

========================================================================
Received Prepare
Registering precompiled user dll's ...
Registered in 0.021061 seconds.
Begin MonoManager ReloadAssembly
Native extension for WindowsStandalone target not found
Refreshing native plugins compatible for Editor in 1.73 ms, found 2 plugins.
Preloading 0 native plugins for Editor in 0.00 ms.
Warning: Annotation not found!
UnityEngine.StackTraceUtility:ExtractStackTrace ()
UnityEditor.ProBuilder.EditorUtility:SetGizmoIconEnabled (System.Type,bool) (at Library/PackageCache/com.unity.probuilder@4.4.0/Editor/EditorCore/EditorUtility.cs:593)
UnityEditor.ProBuilder.HierarchyListener:.cctor () (at Library/PackageCache/com.unity.probuilder@4.4.0/Editor/EditorCore/HierarchyListener.cs:21)
System.Runtime.CompilerServices.RuntimeHelpers:RunClassConstructor (System.RuntimeTypeHandle)
UnityEditor.EditorAssemblies:ProcessInitializeOnLoadAttributes (System.Type[])

[Library/PackageCache/com.unity.probuilder@4.4.0/Editor/EditorCore/EditorUtility.cs line 593]

Invoked RoslynAnalysisRunner static constructor.
RoslynAnalysisRunner will not be running.
RoslynAnalysisRunner has terminated.
NullReferenceException: Object reference not set to an instance of an object
  at GraphSpace.StartNode.Init () [0x00030] in D:\UNITY\undertale3DRemake\Assets\Plugins\PlayText\Scripts\Nodes\StartNode.cs:22 
  at XNode.Node.OnEnable () [0x00024] in D:\UNITY\undertale3DRemake\Assets\Plugins\PlayText\xNode\Scripts\Node.cs:123 
UnityEditor.AssetDatabase:LoadAssetAtPath(String, Type)
XNodeEditor.NodeEditorAssetModProcessor:OnReloadEditor() (at Assets\Plugins\PlayText\xNode\Scripts\Editor\NodeEditorAssetModProcessor.cs:54)

(Filename: Assets/Plugins/PlayText/Scripts/Nodes/StartNode.cs Line: 22)

NullReferenceException: Object reference not set to an instance of an object
  at XNodeEditor.NodeEditorAssetModProcessor.OnReloadEditor () [0x0004b] in D:\UNITY\undertale3DRemake\Assets\Plugins\PlayText\xNode\Scripts\Editor\NodeEditorAssetModProcessor.cs:55 

(Filename: Assets/Plugins/PlayText/xNode/Scripts/Editor/NodeEditorAssetModProcessor.cs Line: 55)

Mono: successfully reloaded assembly
- Completed reload, in  4.951 seconds
Platform modules already initialized, skipping
Refreshing native plugins compatible for Editor in 3.26 ms, found 2 plugins.
Preloading 0 native plugins for Editor in 0.00 ms.
Unloading 2965 Unused Serialized files (Serialized files now loaded: 0)
System memory in use before: 186.4 MB.
System memory in use after: 186.5 MB.

Unloading 91 unused Assets to reduce memory usage. Loaded Objects now: 3659.
Total: 42.072500 ms (FindLiveObjects: 0.868900 ms CreateObjectMapping: 0.297400 ms MarkObjects: 40.569300 ms  DeleteObjects: 0.334200 ms)

========================================================================
Received Import Request.
  Time since last request: 114.514152 seconds.
  path: Assets/Scenes/Ruins/FloweyRoom.unity
  artifactKey: Guid(c92dfecaec5e74c23857fa554d5d8415) Importer(815301076,1909f56bfc062723c751e8b465ee728b)
Start importing Assets/Scenes/Ruins/FloweyRoom.unity using Guid(c92dfecaec5e74c23857fa554d5d8415) Importer(815301076,1909f56bfc062723c751e8b465ee728b)  -> (artifact id: '77413d3be153761f7cb5b7912faa34b3') in 0.011649 seconds
  Import took 0.028207 seconds .

========================================================================
Received Import Request.
  Time since last request: 0.000597 seconds.
  path: Assets/Scenes/Ruins/FloweyRoom.unity
  artifactKey: Guid(c92dfecaec5e74c23857fa554d5d8415) Importer(815301076,1909f56bfc062723c751e8b465ee728b)
Start importing Assets/Scenes/Ruins/FloweyRoom.unity using Guid(c92dfecaec5e74c23857fa554d5d8415) Importer(815301076,1909f56bfc062723c751e8b465ee728b)  -> (artifact id: '77413d3be153761f7cb5b7912faa34b3') in 0.002138 seconds
  Import took 0.009371 seconds .

========================================================================
Received Prepare
Registering precompiled user dll's ...
Registered in 0.020412 seconds.
Begin MonoManager ReloadAssembly
Native extension for WindowsStandalone target not found
Refreshing native plugins compatible for Editor in 1.19 ms, found 2 plugins.
Preloading 0 native plugins for Editor in 0.00 ms.
Warning: Annotation not found!
UnityEngine.StackTraceUtility:ExtractStackTrace ()
UnityEditor.ProBuilder.EditorUtility:SetGizmoIconEnabled (System.Type,bool) (at Library/PackageCache/com.unity.probuilder@4.4.0/Editor/EditorCore/EditorUtility.cs:593)
UnityEditor.ProBuilder.HierarchyListener:.cctor () (at Library/PackageCache/com.unity.probuilder@4.4.0/Editor/EditorCore/HierarchyListener.cs:21)
System.Runtime.CompilerServices.RuntimeHelpers:RunClassConstructor (System.RuntimeTypeHandle)
UnityEditor.EditorAssemblies:ProcessInitializeOnLoadAttributes (System.Type[])

[Library/PackageCache/com.unity.probuilder@4.4.0/Editor/EditorCore/EditorUtility.cs line 593]

Invoked RoslynAnalysisRunner static constructor.
RoslynAnalysisRunner will not be running.
RoslynAnalysisRunner has terminated.
NullReferenceException: Object reference not set to an instance of an object
  at GraphSpace.StartNode.Init () [0x00030] in D:\UNITY\undertale3DRemake\Assets\Plugins\PlayText\Scripts\Nodes\StartNode.cs:22 
  at XNode.Node.OnEnable () [0x00024] in D:\UNITY\undertale3DRemake\Assets\Plugins\PlayText\xNode\Scripts\Node.cs:123 
UnityEditor.AssetDatabase:LoadAssetAtPath(String, Type)
XNodeEditor.NodeEditorAssetModProcessor:OnReloadEditor() (at Assets\Plugins\PlayText\xNode\Scripts\Editor\NodeEditorAssetModProcessor.cs:54)

(Filename: Assets/Plugins/PlayText/Scripts/Nodes/StartNode.cs Line: 22)

NullReferenceException: Object reference not set to an instance of an object
  at XNodeEditor.NodeEditorAssetModProcessor.OnReloadEditor () [0x0004b] in D:\UNITY\undertale3DRemake\Assets\Plugins\PlayText\xNode\Scripts\Editor\NodeEditorAssetModProcessor.cs:55 

(Filename: Assets/Plugins/PlayText/xNode/Scripts/Editor/NodeEditorAssetModProcessor.cs Line: 55)

Mono: successfully reloaded assembly
- Completed reload, in  2.812 seconds
Platform modules already initialized, skipping
Refreshing native plugins compatible for Editor in 1.16 ms, found 2 plugins.
Preloading 0 native plugins for Editor in 0.00 ms.
Unloading 2965 Unused Serialized files (Serialized files now loaded: 0)
System memory in use before: 186.5 MB.
System memory in use after: 186.5 MB.

Unloading 91 unused Assets to reduce memory usage. Loaded Objects now: 3663.
Total: 30.193500 ms (FindLiveObjects: 0.529300 ms CreateObjectMapping: 0.425300 ms MarkObjects: 28.872300 ms  DeleteObjects: 0.364400 ms)

========================================================================
Received Import Request.
  Time since last request: 85.636615 seconds.
  path: Assets/Resources/CoreConfig.asset
  artifactKey: Guid(76e29dc50b1ff404d98b98015986f15e) Importer(815301076,1909f56bfc062723c751e8b465ee728b)
Start importing Assets/Resources/CoreConfig.asset using Guid(76e29dc50b1ff404d98b98015986f15e) Importer(815301076,1909f56bfc062723c751e8b465ee728b)  -> (artifact id: 'f186965ad873650b333ca550e9d913ad') in 0.010580 seconds
  Import took 0.020224 seconds .

========================================================================
Received Import Request.
  Time since last request: 0.000390 seconds.
  path: Assets/Resources/GameSettings.asset
  artifactKey: Guid(8e6bacdbb93f96c4788386dbcdec80c1) Importer(815301076,1909f56bfc062723c751e8b465ee728b)
Start importing Assets/Resources/GameSettings.asset using Guid(8e6bacdbb93f96c4788386dbcdec80c1) Importer(815301076,1909f56bfc062723c751e8b465ee728b)  -> (artifact id: 'bc4ba1e290f45640d84101179509ed97') in 0.005274 seconds
  Import took 0.015668 seconds .

========================================================================
Received Import Request.
  Time since last request: 0.000371 seconds.
  path: Assets/Resources/DOTweenSettings.asset
  artifactKey: Guid(a4f04a3f29daffd4a8e98e71364eff2f) Importer(815301076,1909f56bfc062723c751e8b465ee728b)
Start importing Assets/Resources/DOTweenSettings.asset using Guid(a4f04a3f29daffd4a8e98e71364eff2f) Importer(815301076,1909f56bfc062723c751e8b465ee728b)  -> (artifact id: '25a768ee42dd9fa345ee0485dfa688c5') in 0.024400 seconds
  Import took 0.035020 seconds .

========================================================================
Received Import Request.
  Time since last request: 6.608016 seconds.
  path: Assets/Scenes/Main
  artifactKey: Guid(e42e001fc14330948a3acdba7f31d250) Importer(815301076,1909f56bfc062723c751e8b465ee728b)
Start importing Assets/Scenes/Main using Guid(e42e001fc14330948a3acdba7f31d250) Importer(815301076,1909f56bfc062723c751e8b465ee728b)  -> (artifact id: '8eb25292f7f9b8b127aa1aa2dd54bb7c') in 0.002547 seconds
  Import took 0.012719 seconds .

========================================================================
Received Import Request.
  Time since last request: 0.108202 seconds.
  path: Assets/Scenes/Main/New Timeline.playable
  artifactKey: Guid(31fbf21d1348a4f4bac135f4068f0a33) Importer(815301076,1909f56bfc062723c751e8b465ee728b)
Start importing Assets/Scenes/Main/New Timeline.playable using Guid(31fbf21d1348a4f4bac135f4068f0a33) Importer(815301076,1909f56bfc062723c751e8b465ee728b)  -> (artifact id: 'd8292c6836f051a0e6428f35e5aff86e') in 0.020770 seconds
  Import took 0.028079 seconds .

========================================================================
Received Import Request.
  Time since last request: 0.301231 seconds.
  path: Assets/Scenes/Main/OnceUponATime.playable
  artifactKey: Guid(2aeb68dce42e0cb4b9d10c7c4b3ec9eb) Importer(815301076,1909f56bfc062723c751e8b465ee728b)
Start importing Assets/Scenes/Main/OnceUponATime.playable using Guid(2aeb68dce42e0cb4b9d10c7c4b3ec9eb) Importer(815301076,1909f56bfc062723c751e8b465ee728b)  -> (artifact id: 'cb460a04b3385ff3de2e9763c39065f4') in 0.028584 seconds
  Import took 0.035789 seconds .

========================================================================
Received Import Request.
  Time since last request: 1.973757 seconds.
  path: Assets/Scenes/Main/InProgress.unity
  artifactKey: Guid(8194c43b5e77143499a846f60b68ca3a) Importer(815301076,1909f56bfc062723c751e8b465ee728b)
Start importing Assets/Scenes/Main/InProgress.unity using Guid(8194c43b5e77143499a846f60b68ca3a) Importer(815301076,1909f56bfc062723c751e8b465ee728b)  -> (artifact id: '7e5d62e059eb826a89daff32c5f5614e') in 0.006583 seconds
  Import took 0.014401 seconds .

========================================================================
Received Import Request.
  Time since last request: 0.651816 seconds.
  path: Assets/Scenes/Main/MainMenu.unity
  artifactKey: Guid(9fc0d4010bbf28b4594072e72b8655ab) Importer(815301076,1909f56bfc062723c751e8b465ee728b)
Start importing Assets/Scenes/Main/MainMenu.unity using Guid(9fc0d4010bbf28b4594072e72b8655ab) Importer(815301076,1909f56bfc062723c751e8b465ee728b)  -> (artifact id: '457aa0353f7af1066f2ea7fee8105918') in 0.007954 seconds
  Import took 0.023521 seconds .

========================================================================
Received Import Request.
  Time since last request: 7.933880 seconds.
  path: Assets/Scenes/Main/MainMenu_Profiles
  artifactKey: Guid(920c63c4dafb648cb80812a91c3227d6) Importer(815301076,1909f56bfc062723c751e8b465ee728b)
Start importing Assets/Scenes/Main/MainMenu_Profiles using Guid(920c63c4dafb648cb80812a91c3227d6) Importer(815301076,1909f56bfc062723c751e8b465ee728b)  -> (artifact id: 'da10e8d14f405465098866c5fe6f1112') in 0.003119 seconds
  Import took 0.012369 seconds .

========================================================================
Received Import Request.
  Time since last request: 0.515875 seconds.
  path: Assets/Scenes/Main/MainMenu_Profiles/Main Camera Profile.asset
  artifactKey: Guid(023003a82dc5a4118a2fc808661ea80f) Importer(815301076,1909f56bfc062723c751e8b465ee728b)
Start importing Assets/Scenes/Main/MainMenu_Profiles/Main Camera Profile.asset using Guid(023003a82dc5a4118a2fc808661ea80f) Importer(815301076,1909f56bfc062723c751e8b465ee728b)  -> (artifact id: '378ec9247201d342ff7ed9a4a3f4b68f') in 0.037542 seconds
  Import took 0.044501 seconds .

========================================================================
Received Import Request.
  Time since last request: 0.000340 seconds.
  path: Assets/Scenes/Main/MainMenu_Profiles/Main_Menu_GameSettings.asset
  artifactKey: Guid(733c39ecd37a748a7a9ef2736fcac2f5) Importer(815301076,1909f56bfc062723c751e8b465ee728b)
Start importing Assets/Scenes/Main/MainMenu_Profiles/Main_Menu_GameSettings.asset using Guid(733c39ecd37a748a7a9ef2736fcac2f5) Importer(815301076,1909f56bfc062723c751e8b465ee728b)  -> (artifact id: '5c320f17ef342b3b91dcf1ee3caba786') in 0.003092 seconds
  Import took 0.011109 seconds .

========================================================================
Received Import Request.
  Time since last request: 3.010355 seconds.
  path: Assets/Scenes/Main/Additional
  artifactKey: Guid(cd4a682e37849474b855966f37163357) Importer(815301076,1909f56bfc062723c751e8b465ee728b)
Start importing Assets/Scenes/Main/Additional using Guid(cd4a682e37849474b855966f37163357) Importer(815301076,1909f56bfc062723c751e8b465ee728b)  -> (artifact id: '6bb9459e8c018d8ba7e57a5029d8542f') in 0.002977 seconds
  Import took 0.012283 seconds .

========================================================================
Received Import Request.
  Time since last request: 0.081975 seconds.
  path: Assets/Scenes/Main/Additional/discord.png
  artifactKey: Guid(8a140b5aeca72c346ba978d734c97efd) Importer(815301076,1909f56bfc062723c751e8b465ee728b)
Start importing Assets/Scenes/Main/Additional/discord.png using Guid(8a140b5aeca72c346ba978d734c97efd) Importer(815301076,1909f56bfc062723c751e8b465ee728b)  -> (artifact id: '064e3a6558d9b84a10eee98b1775d870') in 0.049081 seconds
  Import took 0.055670 seconds .

========================================================================
Received Import Request.
  Time since last request: 0.000338 seconds.
  path: Assets/Scenes/Main/Additional/GameJolt.png
  artifactKey: Guid(02e813daba8ecb048b48b66d0b14f60e) Importer(815301076,1909f56bfc062723c751e8b465ee728b)
Start importing Assets/Scenes/Main/Additional/GameJolt.png using Guid(02e813daba8ecb048b48b66d0b14f60e) Importer(815301076,1909f56bfc062723c751e8b465ee728b)  -> (artifact id: '3129cc59b6153ebfabfda325a2269553') in 0.017467 seconds
  Import took 0.025169 seconds .

========================================================================
Received Import Request.
  Time since last request: 0.000342 seconds.
  path: Assets/Scenes/Main/Additional/undertale-waterfall-art.png
  artifactKey: Guid(cc5591d538590f34f8ad920dbc5075c7) Importer(815301076,1909f56bfc062723c751e8b465ee728b)
Start importing Assets/Scenes/Main/Additional/undertale-waterfall-art.png using Guid(cc5591d538590f34f8ad920dbc5075c7) Importer(815301076,1909f56bfc062723c751e8b465ee728b)  -> (artifact id: '45e7062d3ebaf697dd5e6a7e16ca41f7') in 0.014916 seconds
  Import took 0.023060 seconds .

========================================================================
Received Import Request.
  Time since last request: 0.000166 seconds.
  path: Assets/Scenes/Main/Additional/youtube.png
  artifactKey: Guid(0007a5e480e3b5346bc8dac3759bfa59) Importer(815301076,1909f56bfc062723c751e8b465ee728b)
Start importing Assets/Scenes/Main/Additional/youtube.png using Guid(0007a5e480e3b5346bc8dac3759bfa59) Importer(815301076,1909f56bfc062723c751e8b465ee728b)  -> (artifact id: '5e25750aa7f31b83e142737624345617') in 0.030852 seconds
  Import took 0.038946 seconds .

========================================================================
Received Import Request.
  Time since last request: 0.000315 seconds.
  path: Assets/Scenes/Main/Additional/Main Camera Profile.asset
  artifactKey: Guid(095c1185e39050640a805e3b480bd7ac) Importer(815301076,1909f56bfc062723c751e8b465ee728b)
Start importing Assets/Scenes/Main/Additional/Main Camera Profile.asset using Guid(095c1185e39050640a805e3b480bd7ac) Importer(815301076,1909f56bfc062723c751e8b465ee728b)  -> (artifact id: '05dd0d15dce02c6f8e438191b77734c4') in 0.004433 seconds
  Import took 0.012360 seconds .

========================================================================
Received Prepare
Registering precompiled user dll's ...
Registered in 0.066192 seconds.
Begin MonoManager ReloadAssembly
Native extension for WindowsStandalone target not found
Refreshing native plugins compatible for Editor in 1.41 ms, found 2 plugins.
Preloading 0 native plugins for Editor in 0.00 ms.
Warning: Annotation not found!
UnityEngine.StackTraceUtility:ExtractStackTrace ()
UnityEditor.ProBuilder.EditorUtility:SetGizmoIconEnabled (System.Type,bool) (at Library/PackageCache/com.unity.probuilder@4.4.0/Editor/EditorCore/EditorUtility.cs:593)
UnityEditor.ProBuilder.HierarchyListener:.cctor () (at Library/PackageCache/com.unity.probuilder@4.4.0/Editor/EditorCore/HierarchyListener.cs:21)
System.Runtime.CompilerServices.RuntimeHelpers:RunClassConstructor (System.RuntimeTypeHandle)
UnityEditor.EditorAssemblies:ProcessInitializeOnLoadAttributes (System.Type[])

[Library/PackageCache/com.unity.probuilder@4.4.0/Editor/EditorCore/EditorUtility.cs line 593]

Invoked RoslynAnalysisRunner static constructor.
RoslynAnalysisRunner will not be running.
RoslynAnalysisRunner has terminated.
NullReferenceException: Object reference not set to an instance of an object
  at GraphSpace.StartNode.Init () [0x00030] in D:\UNITY\undertale3DRemake\Assets\Plugins\PlayText\Scripts\Nodes\StartNode.cs:22 
  at XNode.Node.OnEnable () [0x00024] in D:\UNITY\undertale3DRemake\Assets\Plugins\PlayText\xNode\Scripts\Node.cs:123 
UnityEditor.AssetDatabase:LoadAssetAtPath(String, Type)
XNodeEditor.NodeEditorAssetModProcessor:OnReloadEditor() (at Assets\Plugins\PlayText\xNode\Scripts\Editor\NodeEditorAssetModProcessor.cs:54)

(Filename: Assets/Plugins/PlayText/Scripts/Nodes/StartNode.cs Line: 22)

NullReferenceException: Object reference not set to an instance of an object
  at XNodeEditor.NodeEditorAssetModProcessor.OnReloadEditor () [0x0004b] in D:\UNITY\undertale3DRemake\Assets\Plugins\PlayText\xNode\Scripts\Editor\NodeEditorAssetModProcessor.cs:55 

(Filename: Assets/Plugins/PlayText/xNode/Scripts/Editor/NodeEditorAssetModProcessor.cs Line: 55)

Mono: successfully reloaded assembly
- Completed reload, in  2.768 seconds
Platform modules already initialized, skipping
Refreshing native plugins compatible for Editor in 1.50 ms, found 2 plugins.
Preloading 0 native plugins for Editor in 0.00 ms.
Unloading 2965 Unused Serialized files (Serialized files now loaded: 0)
System memory in use before: 186.6 MB.
System memory in use after: 186.6 MB.

Unloading 91 unused Assets to reduce memory usage. Loaded Objects now: 3675.
Total: 26.299000 ms (FindLiveObjects: 0.370800 ms CreateObjectMapping: 0.163000 ms MarkObjects: 25.436100 ms  DeleteObjects: 0.326400 ms)

AssetImportWorkerClient::OnTransportError - code=2 error=End of file
